<?xml version="1.0" encoding="UTF-8"?>
<!-- Generated by org.testng.reporters.JUnitReportReporter -->
<testsuite hostname="OMG-PC" name="com.mrp.engine.NewTest" tests="1" failures="0" timestamp="5 Aug 2017 07:35:39 GMT" time="16.614" errors="0">
  <testcase name="testLoginPage" time="16.614" classname="com.mrp.engine.NewTest"/>
</testsuite> <!-- com.mrp.engine.NewTest -->
